<?xml version="1.0" encoding="UTF-8"?>
<!-- Generated by org.testng.reporters.JUnitReportReporter -->
<testsuite hostname="DESKTOP-HSHCE34" failures="0" tests="1" name="SumValidation" time="2.094" errors="0" timestamp="2021-12-13T17:55:04 IST" skipped="0">
  <testcase classname="SumValidation" name="sumOfCourese" time="2.094"/>
  <system-out/>
</testsuite> <!-- SumValidation -->
