<?xml version="1.0" encoding="UTF-8"?>
<!-- Generated by org.testng.reporters.JUnitReportReporter -->
<testsuite hostname="DESKTOP-HSHCE34" failures="0" tests="3" name="DynamicJson" time="7.638" errors="0" timestamp="2021-12-25T22:41:10 IST" skipped="0">
  <testcase classname="DynamicJson" name="addBook" time="0.198"/>
  <system-out/>
  <testcase classname="DynamicJson" name="addBook" time="0.188"/>
  <system-out/>
  <testcase classname="DynamicJson" name="addBook" time="7.252"/>
  <system-out/>
</testsuite> <!-- DynamicJson -->
